\BOOKMARK [1][-]{section.1}{\376\377\000E\000s\000c\000o\000p\000o\000\040\000d\000o\000\040\000P\000r\000o\000j\000e\000t\000o}{}% 1
\BOOKMARK [2][-]{subsection.1.1}{\376\377\000A\000p\000r\000e\000n\000s\000e\000n\000t\000a\000\347\000\343\000o\000\040\000d\000o\000\040\000p\000r\000o\000j\000e\000t\000o}{section.1}% 2
\BOOKMARK [2][-]{subsection.1.2}{\376\377\000O\000b\000j\000e\000t\000i\000v\000o\000s}{section.1}% 3
\BOOKMARK [2][-]{subsection.1.3}{\376\377\000P\000r\000i\000n\000c\000i\000p\000a\000i\000s\000\040\000R\000e\000q\000u\000i\000s\000i\000t\000o\000s}{section.1}% 4
\BOOKMARK [3][-]{subsubsection.1.3.1}{\376\377\000R\000e\000q\000u\000i\000s\000i\000t\000o\000s\000\040\000F\000u\000n\000c\000i\000o\000n\000a\000i\000s\000\040\000\050\000R\000F\000\051}{subsection.1.3}% 5
\BOOKMARK [3][-]{subsubsection.1.3.2}{\376\377\000R\000e\000q\000u\000i\000s\000i\000t\000o\000s\000\040\000N\000\343\000o\000\040\000F\000u\000n\000c\000i\000o\000n\000a\000i\000s\000\040\000\050\000R\000N\000F\000\051}{subsection.1.3}% 6
\BOOKMARK [2][-]{subsection.1.4}{\376\377\000D\000e\000s\000c\000r\000i\000\347\000\343\000o\000\040\000d\000o\000\040\000F\000u\000n\000c\000i\000o\000n\000a\000m\000e\000n\000t\000o}{section.1}% 7
\BOOKMARK [2][-]{subsection.1.5}{\376\377\000J\000u\000s\000t\000i\000f\000i\000c\000a\000t\000i\000v\000a}{section.1}% 8
\BOOKMARK [2][-]{subsection.1.6}{\376\377\000O\000r\000i\000g\000i\000n\000a\000l\000i\000d\000a\000d\000e}{section.1}% 9
\BOOKMARK [1][-]{section.2}{\376\377\000H\000a\000r\000d\000w\000a\000r\000e}{}% 10
\BOOKMARK [2][-]{subsection.2.1}{\376\377\000D\000i\000a\000g\000r\000a\000m\000a\000\040\000d\000e\000\040\000b\000l\000o\000c\000o\000s}{section.2}% 11
\BOOKMARK [3][-]{subsubsection.2.1.1}{\376\377\000F\000u\000n\000\347\000\343\000o\000\040\000d\000e\000\040\000c\000a\000d\000a\000\040\000b\000l\000o\000c\000o}{subsection.2.1}% 12
\BOOKMARK [3][-]{subsubsection.2.1.2}{\376\377\000E\000s\000p\000e\000c\000i\000f\000i\000c\000a\000\347\000\365\000e\000s\000\040\000d\000e\000\040\000c\000a\000d\000a\000\040\000b\000l\000o\000c\000o}{subsection.2.1}% 13
\BOOKMARK [2][-]{subsection.2.2}{\376\377\000E\000s\000p\000e\000c\000i\000f\000i\000c\000a\000\347\000\365\000e\000s}{section.2}% 14
\BOOKMARK [2][-]{subsection.2.3}{\376\377\000L\000i\000s\000t\000a\000\040\000d\000e\000\040\000m\000a\000t\000e\000r\000i\000a\000i\000s}{section.2}% 15
\BOOKMARK [2][-]{subsection.2.4}{\376\377\000D\000e\000s\000c\000r\000i\000\347\000\343\000o\000\040\000d\000a\000\040\000p\000i\000n\000a\000g\000e\000m\000\040\000u\000s\000a\000d\000a}{section.2}% 16
\BOOKMARK [2][-]{subsection.2.5}{\376\377\000C\000i\000r\000c\000u\000i\000t\000o\000\040\000c\000o\000m\000p\000l\000e\000t\000o\000\040\000d\000o\000\040\000h\000a\000r\000d\000w\000a\000r\000e}{section.2}% 17
\BOOKMARK [1][-]{section.3}{\376\377\000S\000o\000f\000t\000w\000a\000r\000e}{}% 18
\BOOKMARK [2][-]{subsection.3.1}{\376\377\000B\000l\000o\000c\000o\000s\000\040\000f\000u\000n\000c\000i\000o\000n\000a\000i\000s}{section.3}% 19
\BOOKMARK [2][-]{subsection.3.2}{\376\377\000D\000e\000s\000c\000r\000i\000\347\000\343\000o\000\040\000d\000a\000s\000\040\000f\000u\000n\000c\000i\000o\000n\000a\000l\000i\000d\000a\000d\000e\000s}{section.3}% 20
\BOOKMARK [2][-]{subsection.3.3}{\376\377\000D\000e\000f\000i\000n\000i\000\347\000\343\000o\000\040\000d\000a\000s\000\040\000v\000a\000r\000i\000\341\000v\000e\000i\000s}{section.3}% 21
\BOOKMARK [2][-]{subsection.3.4}{\376\377\000F\000l\000u\000x\000o\000o\000g\000r\000a\000m\000a}{section.3}% 22
\BOOKMARK [2][-]{subsection.3.5}{\376\377\000I\000n\000i\000c\000i\000a\000l\000i\000z\000a\000\347\000\343\000o}{section.3}% 23
\BOOKMARK [2][-]{subsection.3.6}{\376\377\000C\000o\000n\000f\000i\000g\000u\000r\000a\000\347\000\365\000e\000s\000\040\000d\000o\000s\000\040\000r\000e\000g\000i\000s\000t\000r\000o\000s}{section.3}% 24
\BOOKMARK [2][-]{subsection.3.7}{\376\377\000E\000s\000t\000r\000u\000t\000u\000r\000a\000\040\000e\000\040\000f\000o\000r\000m\000a\000t\000o\000\040\000d\000o\000s\000\040\000d\000a\000d\000o\000s}{section.3}% 25
\BOOKMARK [2][-]{subsection.3.8}{\376\377\000O\000r\000g\000a\000n\000i\000z\000a\000\347\000\343\000o\000\040\000d\000a\000\040\000m\000e\000m\000o\000r\000i\000a}{section.3}% 26
\BOOKMARK [2][-]{subsection.3.9}{\376\377\000P\000r\000o\000t\000o\000c\000o\000l\000o\000s\000\040\000d\000e\000\040\000c\000o\000m\000u\000n\000i\000c\000a\000\347\000\343\000o}{section.3}% 27
\BOOKMARK [2][-]{subsection.3.10}{\376\377\000F\000o\000r\000m\000a\000t\000o\000\040\000d\000o\000\040\000p\000a\000c\000o\000t\000e\000\040\000d\000e\000\040\000d\000a\000d\000o\000s}{section.3}% 28
\BOOKMARK [2][-]{subsection.3.11}{\376\377\000E\000x\000e\000c\000u\000\347\000\343\000o\000\040\000d\000o\000\040\000p\000r\000o\000j\000e\000t\000o}{section.3}% 29
\BOOKMARK [2][-]{subsection.3.12}{\376\377\000T\000e\000s\000t\000e\000s\000\040\000d\000e\000\040\000v\000a\000l\000i\000d\000a\000\347\000\343\000o}{section.3}% 30
\BOOKMARK [2][-]{subsection.3.13}{\376\377\000D\000i\000s\000c\000u\000s\000s\000\343\000o\000\040\000d\000o\000s\000\040\000r\000e\000s\000u\000l\000t\000a\000d\000o\000s}{section.3}% 31
\BOOKMARK [2][-]{subsection.3.14}{\376\377\000V\000i\000d\000e\000o\000\040\000d\000e\000m\000o\000n\000s\000t\000r\000a\000t\000i\000v\000o}{section.3}% 32
\BOOKMARK [1][-]{section.4}{\376\377\000E\000x\000p\000e\000r\000i\000m\000e\000n\000t\000o\000s\000\040\000e\000\040\000T\000e\000s\000t\000e\000s}{}% 33
\BOOKMARK [1][-]{section.5}{\376\377\000C\000o\000n\000c\000l\000u\000s\000\343\000o}{}% 34
